<?xml version="1.0" encoding="UTF-8"?>
<!-- Generated by org.testng.reporters.JUnitReportReporter -->
<testsuite hostname="P5-9Y39H92" name="TestCases.Demo1" tests="1" failures="0" timestamp="10 Jul 2018 09:58:12 GMT" time="6.884" errors="0">
  <testcase name="DemoTest" time="6.884" classname="TestCases.Demo1"/>
</testsuite> <!-- TestCases.Demo1 -->
