<?xml version="1.0" encoding="UTF-8"?>
<!-- Generated by org.testng.reporters.JUnitReportReporter -->
<testsuite hostname="P5-9Y39H92" name="Demo" tests="1" failures="0" timestamp="10 Jul 2018 09:30:02 GMT" time="3.851" errors="0">
  <testcase name="DemoTest" time="3.851" classname="Demo"/>
</testsuite> <!-- Demo -->
